<?xml version="1.0" encoding="UTF-8"?><testrun name="FlowersApplicationServiceTests" project="Flowers" tests="3" started="0" failures="0" errors="1" ignored="0">
  <testsuite name="com.online.flowers.FlowersApplicationServiceTests" incomplete="true" displayname="FlowersApplicationServiceTests" uniqueid="[engine:junit-jupiter]/[class:com.online.flowers.FlowersApplicationServiceTests]">
    <error>org.junit.platform.commons.JUnitException: @BeforeAll method 'public void com.online.flowers.FlowersApplicationServiceTests.setUp()' must be static unless the test class is annotated with @TestInstance(Lifecycle.PER_CLASS).
	at org.junit.jupiter.engine.descriptor.LifecycleMethodUtils.assertStatic(LifecycleMethodUtils.java:57)
	at org.junit.jupiter.engine.descriptor.LifecycleMethodUtils.lambda$findMethodsAndAssertStatic$0(LifecycleMethodUtils.java:81)
	at java.base/java.util.ArrayList.forEach(ArrayList.java:1541)
	at java.base/java.util.Collections$UnmodifiableCollection.forEach(Collections.java:1085)
	at org.junit.jupiter.engine.descriptor.LifecycleMethodUtils.findMethodsAndAssertStatic(LifecycleMethodUtils.java:81)
	at org.junit.jupiter.engine.descriptor.LifecycleMethodUtils.findBeforeAllMethods(LifecycleMethodUtils.java:40)
	at org.junit.jupiter.engine.descriptor.ClassBasedTestDescriptor.prepare(ClassBasedTestDescriptor.java:162)
	at org.junit.jupiter.engine.descriptor.ClassBasedTestDescriptor.prepare(ClassBasedTestDescriptor.java:78)
	at org.junit.platform.engine.support.hierarchical.NodeTestTask.lambda$prepare$1(NodeTestTask.java:111)
	at org.junit.platform.engine.support.hierarchical.ThrowableCollector.execute(ThrowableCollector.java:73)
	at org.junit.platform.engine.support.hierarchical.NodeTestTask.prepare(NodeTestTask.java:111)
	at org.junit.platform.engine.support.hierarchical.NodeTestTask.execute(NodeTestTask.java:79)
	at java.base/java.util.ArrayList.forEach(ArrayList.java:1541)
	at org.junit.platform.engine.support.hierarchical.SameThreadHierarchicalTestExecutorService.invokeAll(SameThreadHierarchicalTestExecutorService.java:38)
	at org.junit.platform.engine.support.hierarchical.NodeTestTask.lambda$executeRecursively$5(NodeTestTask.java:143)
	at org.junit.platform.engine.support.hierarchical.ThrowableCollector.execute(ThrowableCollector.java:73)
	at org.junit.platform.engine.support.hierarchical.NodeTestTask.lambda$executeRecursively$7(NodeTestTask.java:129)
	at org.junit.platform.engine.support.hierarchical.Node.around(Node.java:137)
	at org.junit.platform.engine.support.hierarchical.NodeTestTask.lambda$executeRecursively$8(NodeTestTask.java:127)
	at org.junit.platform.engine.support.hierarchical.ThrowableCollector.execute(ThrowableCollector.java:73)
	at org.junit.platform.engine.support.hierarchical.NodeTestTask.executeRecursively(NodeTestTask.java:126)
	at org.junit.platform.engine.support.hierarchical.NodeTestTask.execute(NodeTestTask.java:84)
	at org.junit.platform.engine.support.hierarchical.SameThreadHierarchicalTestExecutorService.submit(SameThreadHierarchicalTestExecutorService.java:32)
	at org.junit.platform.engine.support.hierarchical.HierarchicalTestExecutor.execute(HierarchicalTestExecutor.java:57)
	at org.junit.platform.engine.support.hierarchical.HierarchicalTestEngine.execute(HierarchicalTestEngine.java:51)
	at org.junit.platform.launcher.core.EngineExecutionOrchestrator.execute(EngineExecutionOrchestrator.java:108)
	at org.junit.platform.launcher.core.EngineExecutionOrchestrator.execute(EngineExecutionOrchestrator.java:88)
	at org.junit.platform.launcher.core.EngineExecutionOrchestrator.lambda$execute$0(EngineExecutionOrchestrator.java:54)
	at org.junit.platform.launcher.core.EngineExecutionOrchestrator.withInterceptedStreams(EngineExecutionOrchestrator.java:67)
	at org.junit.platform.launcher.core.EngineExecutionOrchestrator.execute(EngineExecutionOrchestrator.java:52)
	at org.junit.platform.launcher.core.DefaultLauncher.execute(DefaultLauncher.java:96)
	at org.junit.platform.launcher.core.DefaultLauncher.execute(DefaultLauncher.java:84)
	at org.eclipse.jdt.internal.junit5.runner.JUnit5TestReference.run(JUnit5TestReference.java:98)
	at org.eclipse.jdt.internal.junit.runner.TestExecution.run(TestExecution.java:40)
	at org.eclipse.jdt.internal.junit.runner.RemoteTestRunner.runTests(RemoteTestRunner.java:541)
	at org.eclipse.jdt.internal.junit.runner.RemoteTestRunner.runTests(RemoteTestRunner.java:768)
	at org.eclipse.jdt.internal.junit.runner.RemoteTestRunner.run(RemoteTestRunner.java:464)
	at org.eclipse.jdt.internal.junit.runner.RemoteTestRunner.main(RemoteTestRunner.java:210)

</error>
    <testcase name="getAllUsersTest" classname="com.online.flowers.FlowersApplicationServiceTests" incomplete="true" displayname="getAllUsersTest()" uniqueid="[engine:junit-jupiter]/[class:com.online.flowers.FlowersApplicationServiceTests]/[method:getAllUsersTest()]"/>
    <testcase name="convertToCustomerDtoTest" classname="com.online.flowers.FlowersApplicationServiceTests" incomplete="true" displayname="convertToCustomerDtoTest()" uniqueid="[engine:junit-jupiter]/[class:com.online.flowers.FlowersApplicationServiceTests]/[method:convertToCustomerDtoTest()]"/>
    <testcase name="getCustomerRegionWiseDataTest" classname="com.online.flowers.FlowersApplicationServiceTests" incomplete="true" displayname="getCustomerRegionWiseDataTest()" uniqueid="[engine:junit-jupiter]/[class:com.online.flowers.FlowersApplicationServiceTests]/[method:getCustomerRegionWiseDataTest()]"/>
  </testsuite>
</testrun>
